<?xml version="1.0" encoding="UTF-8" ?>
<testsuites errors="0"
            failures="1"
            tests="1">

  <testsuite name="google"
    errors="0" failures="1" hostname="" id="" package="google" skipped="0"
    tests="1" time="2.796" timestamp="">
  
    <testcase name="main" classname="google" time="2.796" assertions="2">

      <failure message="Testing if element &lt;input[value=&#34;Google Search&#34;]&gt; is present in 1000 ms. - expected [0;32m&#34;present&#34;[0m but got: [0;31m&#34;not present&#34;[0m">    at Object.main (C:\Users\alejandro.macias\Desktop\SDET\AutomationGradeCode\tests\google.js:10:20)
    at process._tickCallback (internal/process/next_tick.js:68:7)</failure>

    <failure message="    at Object.main (C:\Users\alejandro.macias\Desktop\SDET\AutomationGradeCode\tests\google.js:10:20)">    at process._tickCallback (internal/process/next_tick.js:68:7)</failure>
    </testcase>
  

  

  
  </testsuite>
</testsuites>
